<?xml version="1.0" encoding="UTF-8"?>
<!-- Generated by org.testng.reporters.JUnitReportReporter -->
<testsuite hostname="Mounica-Laptop" failures="0" tests="5" name="com.TutorialsNinja.qa.Testcases.LoginTest1" time="29.378" errors="0" timestamp="2023-05-06T13:24:33 EDT" skipped="0">
  <testcase classname="com.TutorialsNinja.qa.Testcases.LoginTest1" name="LoginTestcase1Valid" time="7.099"/>
  <system-out/>
  <testcase classname="com.TutorialsNinja.qa.Testcases.LoginTest1" name="LoginTestcase1Valid" time="5.607"/>
  <system-out/>
  <testcase classname="com.TutorialsNinja.qa.Testcases.LoginTest1" name="LoginTestcase1Valid" time="5.633"/>
  <system-out/>
  <testcase classname="com.TutorialsNinja.qa.Testcases.LoginTest1" name="LoginTestcase2Invalid" time="5.546"/>
  <system-out/>
  <testcase classname="com.TutorialsNinja.qa.Testcases.LoginTest1" name="LoginTestcase3InvalidEmailOnly" time="5.493"/>
  <system-out/>
</testsuite> <!-- com.TutorialsNinja.qa.Testcases.LoginTest1 -->
