<?xml version="1.0" encoding="UTF-8"?>
<!-- Generated by org.testng.reporters.JUnitReportReporter -->
<testsuite hostname="Mounica-Laptop" failures="0" tests="3" name="com.TutorialsNinja.qa.Testcases.LoginTest" time="14.927" errors="0" timestamp="2023-05-08T14:44:50 EDT" skipped="0">
  <testcase classname="com.TutorialsNinja.qa.Testcases.LoginTest" name="LoginTestcase4Valid" time="4.405"/>
  <system-out/>
  <testcase classname="com.TutorialsNinja.qa.Testcases.LoginTest" name="LoginTestcase4Valid" time="4.374"/>
  <system-out/>
  <testcase classname="com.TutorialsNinja.qa.Testcases.LoginTest" name="LoginTestcase4Valid" time="6.148"/>
  <system-out/>
</testsuite> <!-- com.TutorialsNinja.qa.Testcases.LoginTest -->
