<?xml version="1.0" encoding="UTF-8"?>
<!-- Generated by org.testng.reporters.JUnitReportReporter -->
<testsuite hostname="Mounica-Laptop" failures="0" tests="2" name="com.TutorialsNinja.qa.Testcases.SearchTestcases" time="9.716" errors="0" timestamp="2023-05-06T13:24:33 EDT" skipped="0">
  <testcase classname="com.TutorialsNinja.qa.Testcases.SearchTestcases" name="searchWithValidProduct" time="5.206"/>
  <system-out/>
  <testcase classname="com.TutorialsNinja.qa.Testcases.SearchTestcases" name="searchWithInvalidProduct" time="4.510"/>
  <system-out/>
</testsuite> <!-- com.TutorialsNinja.qa.Testcases.SearchTestcases -->
