<?xml version="1.0" encoding="UTF-8"?>
<!-- Generated by org.testng.reporters.JUnitReportReporter -->
<testsuite hostname="Mounica-Laptop" failures="0" tests="2" name="com.TutorialsNinja.qa.Testcases.RegisterTestcases" time="13.327" errors="0" timestamp="2023-05-08T12:25:24 EDT" skipped="0">
  <testcase classname="com.TutorialsNinja.qa.Testcases.RegisterTestcases" name="registerTestcase1" time="7.318"/>
  <system-out/>
  <testcase classname="com.TutorialsNinja.qa.Testcases.RegisterTestcases" name="registerTestcase2" time="6.009"/>
  <system-out/>
</testsuite> <!-- com.TutorialsNinja.qa.Testcases.RegisterTestcases -->
